# JRE version: Java(TM) SE Runtime Environment (8.0_73-b02) (build 1.8.0_73-b02)
# Java VM: Java HotSpot(TM) 64-Bit Server VM (25.73-b02 mixed mode windows-amd64 compressed oops)
Heap:
 PSYoungGen      total 66048K, used 25515K [0x00000000eab00000, 0x00000000ef400000, 0x0000000100000000)
  eden space 58368K, 30% used [0x00000000eab00000,0x00000000ebc6c9a8,0x00000000ee400000)
  from space 7680K, 99% used [0x00000000ee400000,0x00000000eeb7e5c8,0x00000000eeb80000)
  to   space 6656K, 0% used [0x00000000eeb80000,0x00000000eeb80000,0x00000000ef200000)
 ParOldGen       total 38400K, used 20501K [0x00000000c0000000, 0x00000000c2580000, 0x00000000eab00000)
  object space 38400K, 53% used [0x00000000c0000000,0x00000000c1405668,0x00000000c2580000)
 Metaspace       used 6435K, capacity 7192K, committed 7424K, reserved 1056768K
  class space    used 630K, capacity 656K, committed 768K, reserved 1048576K
GC Heap History (10 events):
Event: 12.812 GC heap before
{Heap before GC invocations=3 (full 0):
 PSYoungGen      total 16896K, used 16896K [0x00000000eab00000, 0x00000000ecc00000, 0x0000000100000000)
  eden space 14848K, 100% used [0x00000000eab00000,0x00000000eb980000,0x00000000eb980000)
  from space 2048K, 100% used [0x00000000ebb80000,0x00000000ebd80000,0x00000000ebd80000)
  to   space 2048K, 0% used [0x00000000eb980000,0x00000000eb980000,0x00000000ebb80000)
 ParOldGen       total 38400K, used 4172K [0x00000000c0000000, 0x00000000c2580000, 0x00000000eab00000)
  object space 38400K, 10% used [0x00000000c0000000,0x00000000c0413018,0x00000000c2580000)
 Metaspace       used 6105K, capacity 7024K, committed 7296K, reserved 1056768K
  class space    used 599K, capacity 616K, committed 640K, reserved 1048576K
Event: 12.926 GC heap after
Heap after GC invocations=3 (full 0):
 PSYoungGen      total 16896K, used 2035K [0x00000000eab00000, 0x00000000ecc00000, 0x0000000100000000)
  eden space 14848K, 0% used [0x00000000eab00000,0x00000000eab00000,0x00000000eb980000)
  from space 2048K, 99% used [0x00000000eb980000,0x00000000ebb7ccf8,0x00000000ebb80000)
  to   space 2048K, 0% used [0x00000000eca00000,0x00000000eca00000,0x00000000ecc00000)
 ParOldGen       total 38400K, used 6157K [0x00000000c0000000, 0x00000000c2580000, 0x00000000eab00000)
  object space 38400K, 16% used [0x00000000c0000000,0x00000000c06036d8,0x00000000c2580000)
 Metaspace       used 6105K, capacity 7024K, committed 7296K, reserved 1056768K
  class space    used 599K, capacity 616K, committed 640K, reserved 1048576K
}
Event: 14.163 GC heap before
{Heap before GC invocations=4 (full 0):
 PSYoungGen      total 16896K, used 16883K [0x00000000eab00000, 0x00000000ecc00000, 0x0000000100000000)
  eden space 14848K, 100% used [0x00000000eab00000,0x00000000eb980000,0x00000000eb980000)
  from space 2048K, 99% used [0x00000000eb980000,0x00000000ebb7ccf8,0x00000000ebb80000)
  to   space 2048K, 0% used [0x00000000eca00000,0x00000000eca00000,0x00000000ecc00000)
 ParOldGen       total 38400K, used 6157K [0x00000000c0000000, 0x00000000c2580000, 0x00000000eab00000)
  object space 38400K, 16% used [0x00000000c0000000,0x00000000c06036d8,0x00000000c2580000)
 Metaspace       used 6145K, capacity 7024K, committed 7296K, reserved 1056768K
  class space    used 599K, capacity 616K, committed 640K, reserved 1048576K
Event: 14.387 GC heap after
Heap after GC invocations=4 (full 0):
 PSYoungGen      total 31744K, used 2035K [0x00000000eab00000, 0x00000000ecc00000, 0x0000000100000000)
  eden space 29696K, 0% used [0x00000000eab00000,0x00000000eab00000,0x00000000ec800000)
  from space 2048K, 99% used [0x00000000eca00000,0x00000000ecbfce18,0x00000000ecc00000)
  to   space 2048K, 0% used [0x00000000ec800000,0x00000000ec800000,0x00000000eca00000)
 ParOldGen       total 38400K, used 9343K [0x00000000c0000000, 0x00000000c2580000, 0x00000000eab00000)
  object space 38400K, 24% used [0x00000000c0000000,0x00000000c091fe20,0x00000000c2580000)
 Metaspace       used 6145K, capacity 7024K, committed 7296K, reserved 1056768K
  class space    used 599K, capacity 616K, committed 640K, reserved 1048576K
}
Event: 17.055 GC heap before
{Heap before GC invocations=5 (full 0):
 PSYoungGen      total 31744K, used 31731K [0x00000000eab00000, 0x00000000ecc00000, 0x0000000100000000)
  eden space 29696K, 100% used [0x00000000eab00000,0x00000000ec800000,0x00000000ec800000)
  from space 2048K, 99% used [0x00000000eca00000,0x00000000ecbfce18,0x00000000ecc00000)
  to   space 2048K, 0% used [0x00000000ec800000,0x00000000ec800000,0x00000000eca00000)
 ParOldGen       total 38400K, used 9343K [0x00000000c0000000, 0x00000000c2580000, 0x00000000eab00000)
  object space 38400K, 24% used [0x00000000c0000000,0x00000000c091fe20,0x00000000c2580000)
 Metaspace       used 6309K, capacity 7128K, committed 7424K, reserved 1056768K
  class space    used 624K, capacity 656K, committed 768K, reserved 1048576K
Event: 17.196 GC heap after
Heap after GC invocations=5 (full 0):
 PSYoungGen      total 31744K, used 2035K [0x00000000eab00000, 0x00000000ef200000, 0x0000000100000000)
  eden space 29696K, 0% used [0x00000000eab00000,0x00000000eab00000,0x00000000ec800000)
  from space 2048K, 99% used [0x00000000ec800000,0x00000000ec9fcfe0,0x00000000eca00000)
  to   space 6656K, 0% used [0x00000000eeb80000,0x00000000eeb80000,0x00000000ef200000)
 ParOldGen       total 38400K, used 13914K [0x00000000c0000000, 0x00000000c2580000, 0x00000000eab00000)
  object space 38400K, 36% used [0x00000000c0000000,0x00000000c0d96808,0x00000000c2580000)
 Metaspace       used 6309K, capacity 7128K, committed 7424K, reserved 1056768K
  class space    used 624K, capacity 656K, committed 768K, reserved 1048576K
}
Event: 18.271 GC heap before
{Heap before GC invocations=6 (full 0):
 PSYoungGen      total 31744K, used 31731K [0x00000000eab00000, 0x00000000ef200000, 0x0000000100000000)
  eden space 29696K, 100% used [0x00000000eab00000,0x00000000ec800000,0x00000000ec800000)
  from space 2048K, 99% used [0x00000000ec800000,0x00000000ec9fcfe0,0x00000000eca00000)
  to   space 6656K, 0% used [0x00000000eeb80000,0x00000000eeb80000,0x00000000ef200000)
 ParOldGen       total 38400K, used 13914K [0x00000000c0000000, 0x00000000c2580000, 0x00000000eab00000)
  object space 38400K, 36% used [0x00000000c0000000,0x00000000c0d96808,0x00000000c2580000)
 Metaspace       used 6325K, capacity 7128K, committed 7424K, reserved 1056768K
  class space    used 624K, capacity 656K, committed 768K, reserved 1048576K
Event: 18.578 GC heap after
Heap after GC invocations=6 (full 0):
 PSYoungGen      total 65024K, used 6633K [0x00000000eab00000, 0x00000000ef400000, 0x0000000100000000)
  eden space 58368K, 0% used [0x00000000eab00000,0x00000000eab00000,0x00000000ee400000)
  from space 6656K, 99% used [0x00000000eeb80000,0x00000000ef1fa6c0,0x00000000ef200000)
  to   space 7680K, 0% used [0x00000000ee400000,0x00000000ee400000,0x00000000eeb80000)
 ParOldGen       total 38400K, used 13983K [0x00000000c0000000, 0x00000000c2580000, 0x00000000eab00000)
  object space 38400K, 36% used [0x00000000c0000000,0x00000000c0da7c48,0x00000000c2580000)
 Metaspace       used 6325K, capacity 7128K, committed 7424K, reserved 1056768K
  class space    used 624K, capacity 656K, committed 768K, reserved 1048576K
}
Event: 22.244 GC heap before
{Heap before GC invocations=7 (full 0):
 PSYoungGen      total 65024K, used 65001K [0x00000000eab00000, 0x00000000ef400000, 0x0000000100000000)
  eden space 58368K, 100% used [0x00000000eab00000,0x00000000ee400000,0x00000000ee400000)
  from space 6656K, 99% used [0x00000000eeb80000,0x00000000ef1fa6c0,0x00000000ef200000)
  to   space 7680K, 0% used [0x00000000ee400000,0x00000000ee400000,0x00000000eeb80000)
 ParOldGen       total 38400K, used 13983K [0x00000000c0000000, 0x00000000c2580000, 0x00000000eab00000)
  object space 38400K, 36% used [0x00000000c0000000,0x00000000c0da7c48,0x00000000c2580000)
 Metaspace       used 6347K, capacity 7192K, committed 7424K, reserved 1056768K
  class space    used 624K, capacity 656K, committed 768K, reserved 1048576K
Event: 22.569 GC heap after
Heap after GC invocations=7 (full 0):
 PSYoungGen      total 66048K, used 7673K [0x00000000eab00000, 0x00000000ef400000, 0x0000000100000000)
  eden space 58368K, 0% used [0x00000000eab00000,0x00000000eab00000,0x00000000ee400000)
  from space 7680K, 99% used [0x00000000ee400000,0x00000000eeb7e5c8,0x00000000eeb80000)
  to   space 6656K, 0% used [0x00000000eeb80000,0x00000000eeb80000,0x00000000ef200000)
 ParOldGen       total 38400K, used 20501K [0x00000000c0000000, 0x00000000c2580000, 0x00000000eab00000)
  object space 38400K, 53% used [0x00000000c0000000,0x00000000c1405668,0x00000000c2580000)
 Metaspace       used 6347K, capacity 7192K, committed 7424K, reserved 1056768K
  class space    used 624K, capacity 656K, committed 768K, reserved 1048576K
}

