# JRE version: Java(TM) SE Runtime Environment (8.0_73-b02) (build 1.8.0_73-b02)
# Java VM: Java HotSpot(TM) 64-Bit Server VM (25.73-b02 mixed mode windows-amd64 compressed oops)
Heap:
 PSYoungGen      total 212480K, used 63526K [0x00000000eab00000, 0x00000000ffc80000, 0x0000000100000000)
  eden space 156160K, 28% used [0x00000000eab00000,0x00000000ed630860,0x00000000f4380000)
  from space 56320K, 34% used [0x00000000f4380000,0x00000000f5659038,0x00000000f7a80000)
  to   space 81408K, 0% used [0x00000000fad00000,0x00000000fad00000,0x00000000ffc80000)
 ParOldGen       total 258048K, used 164717K [0x00000000c0000000, 0x00000000cfc00000, 0x00000000eab00000)
  object space 258048K, 63% used [0x00000000c0000000,0x00000000ca0db620,0x00000000cfc00000)
 Metaspace       used 6554K, capacity 7256K, committed 7424K, reserved 1056768K
  class space    used 625K, capacity 656K, committed 768K, reserved 1048576K
GC Heap History (10 events):
Event: 42.726 GC heap before
{Heap before GC invocations=10 (full 1):
 PSYoungGen      total 130560K, used 18420K [0x00000000eab00000, 0x00000000f9b80000, 0x0000000100000000)
  eden space 112128K, 0% used [0x00000000eab00000,0x00000000eab00000,0x00000000f1880000)
  from space 18432K, 99% used [0x00000000f1880000,0x00000000f2a7d2d0,0x00000000f2a80000)
  to   space 33280K, 0% used [0x00000000f7b00000,0x00000000f7b00000,0x00000000f9b80000)
 ParOldGen       total 50176K, used 49757K [0x00000000c0000000, 0x00000000c3100000, 0x00000000eab00000)
  object space 50176K, 99% used [0x00000000c0000000,0x00000000c3097568,0x00000000c3100000)
 Metaspace       used 6543K, capacity 7256K, committed 7424K, reserved 1056768K
  class space    used 624K, capacity 656K, committed 768K, reserved 1048576K
Event: 45.382 GC heap after
Heap after GC invocations=10 (full 1):
 PSYoungGen      total 130560K, used 14747K [0x00000000eab00000, 0x00000000f9b80000, 0x0000000100000000)
  eden space 112128K, 0% used [0x00000000eab00000,0x00000000eab00000,0x00000000f1880000)
  from space 18432K, 80% used [0x00000000f1880000,0x00000000f26e6d88,0x00000000f2a80000)
  to   space 33280K, 0% used [0x00000000f7b00000,0x00000000f7b00000,0x00000000f9b80000)
 ParOldGen       total 87552K, used 50088K [0x00000000c0000000, 0x00000000c5580000, 0x00000000eab00000)
  object space 87552K, 57% used [0x00000000c0000000,0x00000000c30ea150,0x00000000c5580000)
 Metaspace       used 6543K, capacity 7256K, committed 7424K, reserved 1056768K
  class space    used 624K, capacity 656K, committed 768K, reserved 1048576K
}
Event: 45.651 GC heap before
{Heap before GC invocations=11 (full 1):
 PSYoungGen      total 130560K, used 126875K [0x00000000eab00000, 0x00000000f9b80000, 0x0000000100000000)
  eden space 112128K, 100% used [0x00000000eab00000,0x00000000f1880000,0x00000000f1880000)
  from space 18432K, 80% used [0x00000000f1880000,0x00000000f26e6d88,0x00000000f2a80000)
  to   space 33280K, 0% used [0x00000000f7b00000,0x00000000f7b00000,0x00000000f9b80000)
 ParOldGen       total 87552K, used 50088K [0x00000000c0000000, 0x00000000c5580000, 0x00000000eab00000)
  object space 87552K, 57% used [0x00000000c0000000,0x00000000c30ea150,0x00000000c5580000)
 Metaspace       used 6544K, capacity 7256K, committed 7424K, reserved 1056768K
  class space    used 624K, capacity 656K, committed 768K, reserved 1048576K
Event: 45.873 GC heap after
Heap after GC invocations=11 (full 1):
 PSYoungGen      total 189440K, used 33270K [0x00000000eab00000, 0x00000000fb180000, 0x0000000100000000)
  eden space 156160K, 0% used [0x00000000eab00000,0x00000000eab00000,0x00000000f4380000)
  from space 33280K, 99% used [0x00000000f7b00000,0x00000000f9b7da48,0x00000000f9b80000)
  to   space 56320K, 0% used [0x00000000f4380000,0x00000000f4380000,0x00000000f7a80000)
 ParOldGen       total 97792K, used 97095K [0x00000000c0000000, 0x00000000c5f80000, 0x00000000eab00000)
  object space 97792K, 99% used [0x00000000c0000000,0x00000000c5ed1c48,0x00000000c5f80000)
 Metaspace       used 6544K, capacity 7256K, committed 7424K, reserved 1056768K
  class space    used 624K, capacity 656K, committed 768K, reserved 1048576K
}
Event: 45.873 GC heap before
{Heap before GC invocations=12 (full 2):
 PSYoungGen      total 189440K, used 33270K [0x00000000eab00000, 0x00000000fb180000, 0x0000000100000000)
  eden space 156160K, 0% used [0x00000000eab00000,0x00000000eab00000,0x00000000f4380000)
  from space 33280K, 99% used [0x00000000f7b00000,0x00000000f9b7da48,0x00000000f9b80000)
  to   space 56320K, 0% used [0x00000000f4380000,0x00000000f4380000,0x00000000f7a80000)
 ParOldGen       total 97792K, used 97095K [0x00000000c0000000, 0x00000000c5f80000, 0x00000000eab00000)
  object space 97792K, 99% used [0x00000000c0000000,0x00000000c5ed1c48,0x00000000c5f80000)
 Metaspace       used 6544K, capacity 7256K, committed 7424K, reserved 1056768K
  class space    used 624K, capacity 656K, committed 768K, reserved 1048576K
Event: 47.484 GC heap after
Heap after GC invocations=12 (full 2):
 PSYoungGen      total 189440K, used 25280K [0x00000000eab00000, 0x00000000fb180000, 0x0000000100000000)
  eden space 156160K, 0% used [0x00000000eab00000,0x00000000eab00000,0x00000000f4380000)
  from space 33280K, 75% used [0x00000000f7b00000,0x00000000f93b0230,0x00000000f9b80000)
  to   space 56320K, 0% used [0x00000000f4380000,0x00000000f4380000,0x00000000f7a80000)
 ParOldGen       total 164864K, used 97683K [0x00000000c0000000, 0x00000000ca100000, 0x00000000eab00000)
  object space 164864K, 59% used [0x00000000c0000000,0x00000000c5f64e18,0x00000000ca100000)
 Metaspace       used 6544K, capacity 7256K, committed 7424K, reserved 1056768K
  class space    used 624K, capacity 656K, committed 768K, reserved 1048576K
}
Event: 48.766 GC heap before
{Heap before GC invocations=13 (full 2):
 PSYoungGen      total 189440K, used 181440K [0x00000000eab00000, 0x00000000fb180000, 0x0000000100000000)
  eden space 156160K, 100% used [0x00000000eab00000,0x00000000f4380000,0x00000000f4380000)
  from space 33280K, 75% used [0x00000000f7b00000,0x00000000f93b0230,0x00000000f9b80000)
  to   space 56320K, 0% used [0x00000000f4380000,0x00000000f4380000,0x00000000f7a80000)
 ParOldGen       total 164864K, used 97683K [0x00000000c0000000, 0x00000000ca100000, 0x00000000eab00000)
  object space 164864K, 59% used [0x00000000c0000000,0x00000000c5f64e18,0x00000000ca100000)
 Metaspace       used 6554K, capacity 7256K, committed 7424K, reserved 1056768K
  class space    used 625K, capacity 656K, committed 768K, reserved 1048576K
Event: 50.148 GC heap after
Heap after GC invocations=13 (full 2):
 PSYoungGen      total 212480K, used 56288K [0x00000000eab00000, 0x00000000ffc80000, 0x0000000100000000)
  eden space 156160K, 0% used [0x00000000eab00000,0x00000000eab00000,0x00000000f4380000)
  from space 56320K, 99% used [0x00000000f4380000,0x00000000f7a781b0,0x00000000f7a80000)
  to   space 81408K, 0% used [0x00000000fad00000,0x00000000fad00000,0x00000000ffc80000)
 ParOldGen       total 164864K, used 137487K [0x00000000c0000000, 0x00000000ca100000, 0x00000000eab00000)
  object space 164864K, 83% used [0x00000000c0000000,0x00000000c8643e48,0x00000000ca100000)
 Metaspace       used 6554K, capacity 7256K, committed 7424K, reserved 1056768K
  class space    used 625K, capacity 656K, committed 768K, reserved 1048576K
}
Event: 50.148 GC heap before
{Heap before GC invocations=14 (full 3):
 PSYoungGen      total 212480K, used 56288K [0x00000000eab00000, 0x00000000ffc80000, 0x0000000100000000)
  eden space 156160K, 0% used [0x00000000eab00000,0x00000000eab00000,0x00000000f4380000)
  from space 56320K, 99% used [0x00000000f4380000,0x00000000f7a781b0,0x00000000f7a80000)
  to   space 81408K, 0% used [0x00000000fad00000,0x00000000fad00000,0x00000000ffc80000)
 ParOldGen       total 164864K, used 137487K [0x00000000c0000000, 0x00000000ca100000, 0x00000000eab00000)
  object space 164864K, 83% used [0x00000000c0000000,0x00000000c8643e48,0x00000000ca100000)
 Metaspace       used 6554K, capacity 7256K, committed 7424K, reserved 1056768K
  class space    used 625K, capacity 656K, committed 768K, reserved 1048576K
Event: 58.587 GC heap after
Heap after GC invocations=14 (full 3):
 PSYoungGen      total 212480K, used 19300K [0x00000000eab00000, 0x00000000ffc80000, 0x0000000100000000)
  eden space 156160K, 0% used [0x00000000eab00000,0x00000000eab00000,0x00000000f4380000)
  from space 56320K, 34% used [0x00000000f4380000,0x00000000f5659038,0x00000000f7a80000)
  to   space 81408K, 0% used [0x00000000fad00000,0x00000000fad00000,0x00000000ffc80000)
 ParOldGen       total 258048K, used 164717K [0x00000000c0000000, 0x00000000cfc00000, 0x00000000eab00000)
  object space 258048K, 63% used [0x00000000c0000000,0x00000000ca0db620,0x00000000cfc00000)
 Metaspace       used 6554K, capacity 7256K, committed 7424K, reserved 1056768K
  class space    used 625K, capacity 656K, committed 768K, reserved 1048576K
}

