# JRE version: Java(TM) SE Runtime Environment (8.0_73-b02) (build 1.8.0_73-b02)
# Java VM: Java HotSpot(TM) 64-Bit Server VM (25.73-b02 mixed mode windows-amd64 compressed oops)
Heap:
 PSYoungGen      total 177152K, used 95155K [0x00000000eab00000, 0x00000000f8480000, 0x0000000100000000)
  eden space 131584K, 37% used [0x00000000eab00000,0x00000000edb71a10,0x00000000f2b80000)
  from space 45568K, 99% used [0x00000000f2b80000,0x00000000f57fb410,0x00000000f5800000)
  to   space 42496K, 0% used [0x00000000f5b00000,0x00000000f5b00000,0x00000000f8480000)
 ParOldGen       total 335872K, used 230245K [0x00000000c0000000, 0x00000000d4800000, 0x00000000eab00000)
  object space 335872K, 68% used [0x00000000c0000000,0x00000000ce0d9498,0x00000000d4800000)
 Metaspace       used 6516K, capacity 7256K, committed 7424K, reserved 1056768K
  class space    used 624K, capacity 656K, committed 768K, reserved 1048576K
GC Heap History (10 events):
Event: 28.262 GC heap before
{Heap before GC invocations=11 (full 3):
 PSYoungGen      total 129536K, used 116736K [0x00000000eab00000, 0x00000000f3c00000, 0x0000000100000000)
  eden space 116736K, 100% used [0x00000000eab00000,0x00000000f1d00000,0x00000000f1d00000)
  from space 12800K, 0% used [0x00000000f2b80000,0x00000000f2b80000,0x00000000f3800000)
  to   space 14848K, 99% used [0x00000000f1d00000,0x00000000f2b7f558,0x00000000f2b80000)
 ParOldGen       total 161280K, used 160639K [0x00000000c0000000, 0x00000000c9d80000, 0x00000000eab00000)
  object space 161280K, 99% used [0x00000000c0000000,0x00000000c9cdff08,0x00000000c9d80000)
 Metaspace       used 6504K, capacity 7256K, committed 7424K, reserved 1056768K
  class space    used 623K, capacity 656K, committed 768K, reserved 1048576K
Event: 29.992 GC heap after
Heap after GC invocations=11 (full 3):
 PSYoungGen      total 129536K, used 16438K [0x00000000eab00000, 0x00000000f3c00000, 0x0000000100000000)
  eden space 116736K, 14% used [0x00000000eab00000,0x00000000ebb0daa8,0x00000000f1d00000)
  from space 12800K, 0% used [0x00000000f2b80000,0x00000000f2b80000,0x00000000f3800000)
  to   space 14848K, 0% used [0x00000000f1d00000,0x00000000f1d00000,0x00000000f2b80000)
 ParOldGen       total 223744K, used 161076K [0x00000000c0000000, 0x00000000cda80000, 0x00000000eab00000)
  object space 223744K, 71% used [0x00000000c0000000,0x00000000c9d4d100,0x00000000cda80000)
 Metaspace       used 6504K, capacity 7256K, committed 7424K, reserved 1056768K
  class space    used 623K, capacity 656K, committed 768K, reserved 1048576K
}
Event: 30.204 GC heap before
{Heap before GC invocations=12 (full 3):
 PSYoungGen      total 129536K, used 116736K [0x00000000eab00000, 0x00000000f3c00000, 0x0000000100000000)
  eden space 116736K, 100% used [0x00000000eab00000,0x00000000f1d00000,0x00000000f1d00000)
  from space 12800K, 0% used [0x00000000f2b80000,0x00000000f2b80000,0x00000000f3800000)
  to   space 14848K, 0% used [0x00000000f1d00000,0x00000000f1d00000,0x00000000f2b80000)
 ParOldGen       total 223744K, used 161076K [0x00000000c0000000, 0x00000000cda80000, 0x00000000eab00000)
  object space 223744K, 71% used [0x00000000c0000000,0x00000000c9d4d100,0x00000000cda80000)
 Metaspace       used 6512K, capacity 7256K, committed 7424K, reserved 1056768K
  class space    used 624K, capacity 656K, committed 768K, reserved 1048576K
Event: 30.341 GC heap after
Heap after GC invocations=12 (full 3):
 PSYoungGen      total 131584K, used 14845K [0x00000000eab00000, 0x00000000f8780000, 0x0000000100000000)
  eden space 116736K, 0% used [0x00000000eab00000,0x00000000eab00000,0x00000000f1d00000)
  from space 14848K, 99% used [0x00000000f1d00000,0x00000000f2b7f558,0x00000000f2b80000)
  to   space 45568K, 0% used [0x00000000f5b00000,0x00000000f5b00000,0x00000000f8780000)
 ParOldGen       total 223744K, used 216611K [0x00000000c0000000, 0x00000000cda80000, 0x00000000eab00000)
  object space 223744K, 96% used [0x00000000c0000000,0x00000000cd388c90,0x00000000cda80000)
 Metaspace       used 6512K, capacity 7256K, committed 7424K, reserved 1056768K
  class space    used 624K, capacity 656K, committed 768K, reserved 1048576K
}
Event: 30.341 GC heap before
{Heap before GC invocations=13 (full 4):
 PSYoungGen      total 131584K, used 14845K [0x00000000eab00000, 0x00000000f8780000, 0x0000000100000000)
  eden space 116736K, 0% used [0x00000000eab00000,0x00000000eab00000,0x00000000f1d00000)
  from space 14848K, 99% used [0x00000000f1d00000,0x00000000f2b7f558,0x00000000f2b80000)
  to   space 45568K, 0% used [0x00000000f5b00000,0x00000000f5b00000,0x00000000f8780000)
 ParOldGen       total 223744K, used 216611K [0x00000000c0000000, 0x00000000cda80000, 0x00000000eab00000)
  object space 223744K, 96% used [0x00000000c0000000,0x00000000cd388c90,0x00000000cda80000)
 Metaspace       used 6512K, capacity 7256K, committed 7424K, reserved 1056768K
  class space    used 624K, capacity 656K, committed 768K, reserved 1048576K
Event: 31.092 GC heap after
Heap after GC invocations=13 (full 4):
 PSYoungGen      total 131584K, used 0K [0x00000000eab00000, 0x00000000f8780000, 0x0000000100000000)
  eden space 116736K, 0% used [0x00000000eab00000,0x00000000eab00000,0x00000000f1d00000)
  from space 14848K, 0% used [0x00000000f1d00000,0x00000000f1d00000,0x00000000f2b80000)
  to   space 45568K, 0% used [0x00000000f5b00000,0x00000000f5b00000,0x00000000f8780000)
 ParOldGen       total 335872K, used 220289K [0x00000000c0000000, 0x00000000d4800000, 0x00000000eab00000)
  object space 335872K, 65% used [0x00000000c0000000,0x00000000cd720560,0x00000000d4800000)
 Metaspace       used 6512K, capacity 7256K, committed 7424K, reserved 1056768K
  class space    used 624K, capacity 656K, committed 768K, reserved 1048576K
}
Event: 32.262 GC heap before
{Heap before GC invocations=14 (full 4):
 PSYoungGen      total 131584K, used 116736K [0x00000000eab00000, 0x00000000f8780000, 0x0000000100000000)
  eden space 116736K, 100% used [0x00000000eab00000,0x00000000f1d00000,0x00000000f1d00000)
  from space 14848K, 0% used [0x00000000f1d00000,0x00000000f1d00000,0x00000000f2b80000)
  to   space 45568K, 0% used [0x00000000f5b00000,0x00000000f5b00000,0x00000000f8780000)
 ParOldGen       total 335872K, used 220289K [0x00000000c0000000, 0x00000000d4800000, 0x00000000eab00000)
  object space 335872K, 65% used [0x00000000c0000000,0x00000000cd720560,0x00000000d4800000)
 Metaspace       used 6513K, capacity 7256K, committed 7424K, reserved 1056768K
  class space    used 624K, capacity 656K, committed 768K, reserved 1048576K
Event: 32.354 GC heap after
Heap after GC invocations=14 (full 4):
 PSYoungGen      total 174080K, used 23320K [0x00000000eab00000, 0x00000000f8480000, 0x0000000100000000)
  eden space 131584K, 0% used [0x00000000eab00000,0x00000000eab00000,0x00000000f2b80000)
  from space 42496K, 54% used [0x00000000f5b00000,0x00000000f71c6220,0x00000000f8480000)
  to   space 45568K, 0% used [0x00000000f2b80000,0x00000000f2b80000,0x00000000f5800000)
 ParOldGen       total 335872K, used 220289K [0x00000000c0000000, 0x00000000d4800000, 0x00000000eab00000)
  object space 335872K, 65% used [0x00000000c0000000,0x00000000cd720560,0x00000000d4800000)
 Metaspace       used 6513K, capacity 7256K, committed 7424K, reserved 1056768K
  class space    used 624K, capacity 656K, committed 768K, reserved 1048576K
}
Event: 33.426 GC heap before
{Heap before GC invocations=15 (full 4):
 PSYoungGen      total 174080K, used 154904K [0x00000000eab00000, 0x00000000f8480000, 0x0000000100000000)
  eden space 131584K, 100% used [0x00000000eab00000,0x00000000f2b80000,0x00000000f2b80000)
  from space 42496K, 54% used [0x00000000f5b00000,0x00000000f71c6220,0x00000000f8480000)
  to   space 45568K, 0% used [0x00000000f2b80000,0x00000000f2b80000,0x00000000f5800000)
 ParOldGen       total 335872K, used 220289K [0x00000000c0000000, 0x00000000d4800000, 0x00000000eab00000)
  object space 335872K, 65% used [0x00000000c0000000,0x00000000cd720560,0x00000000d4800000)
 Metaspace       used 6514K, capacity 7256K, committed 7424K, reserved 1056768K
  class space    used 624K, capacity 656K, committed 768K, reserved 1048576K
Event: 33.947 GC heap after
Heap after GC invocations=15 (full 4):
 PSYoungGen      total 177152K, used 45549K [0x00000000eab00000, 0x00000000f8480000, 0x0000000100000000)
  eden space 131584K, 0% used [0x00000000eab00000,0x00000000eab00000,0x00000000f2b80000)
  from space 45568K, 99% used [0x00000000f2b80000,0x00000000f57fb410,0x00000000f5800000)
  to   space 42496K, 0% used [0x00000000f5b00000,0x00000000f5b00000,0x00000000f8480000)
 ParOldGen       total 335872K, used 230245K [0x00000000c0000000, 0x00000000d4800000, 0x00000000eab00000)
  object space 335872K, 68% used [0x00000000c0000000,0x00000000ce0d9498,0x00000000d4800000)
 Metaspace       used 6514K, capacity 7256K, committed 7424K, reserved 1056768K
  class space    used 624K, capacity 656K, committed 768K, reserved 1048576K
}

