# JRE version: Java(TM) SE Runtime Environment (8.0_73-b02) (build 1.8.0_73-b02)
# Java VM: Java HotSpot(TM) 64-Bit Server VM (25.73-b02 mixed mode windows-amd64 compressed oops)
Heap:
 PSYoungGen      total 130560K, used 24783K [0x00000000eab00000, 0x00000000f5d00000, 0x0000000100000000)
  eden space 87040K, 28% used [0x00000000eab00000,0x00000000ec333c48,0x00000000f0000000)
  from space 43520K, 0% used [0x00000000f0000000,0x00000000f0000000,0x00000000f2a80000)
  to   space 41472K, 0% used [0x00000000f3480000,0x00000000f3480000,0x00000000f5d00000)
 ParOldGen       total 313344K, used 217403K [0x00000000c0000000, 0x00000000d3200000, 0x00000000eab00000)
  object space 313344K, 69% used [0x00000000c0000000,0x00000000cd44ee20,0x00000000d3200000)
 Metaspace       used 6568K, capacity 7256K, committed 7424K, reserved 1056768K
  class space    used 625K, capacity 656K, committed 768K, reserved 1048576K
GC Heap History (10 events):
Event: 44.734 GC heap before
{Heap before GC invocations=12 (full 2):
 PSYoungGen      total 130560K, used 126918K [0x00000000eab00000, 0x00000000f4100000, 0x0000000100000000)
  eden space 112128K, 100% used [0x00000000eab00000,0x00000000f1880000,0x00000000f1880000)
  from space 18432K, 80% used [0x00000000f1880000,0x00000000f26f19e0,0x00000000f2a80000)
  to   space 13824K, 99% used [0x00000000f2a80000,0x00000000f37fa1b0,0x00000000f3800000)
 ParOldGen       total 121344K, used 121082K [0x00000000c0000000, 0x00000000c7680000, 0x00000000eab00000)
  object space 121344K, 99% used [0x00000000c0000000,0x00000000c763e838,0x00000000c7680000)
 Metaspace       used 6552K, capacity 7256K, committed 7424K, reserved 1056768K
  class space    used 624K, capacity 656K, committed 768K, reserved 1048576K
Event: 45.600 GC heap after
Heap after GC invocations=12 (full 2):
 PSYoungGen      total 130560K, used 0K [0x00000000eab00000, 0x00000000f4100000, 0x0000000100000000)
  eden space 112128K, 0% used [0x00000000eab00000,0x00000000eab00000,0x00000000f1880000)
  from space 18432K, 0% used [0x00000000f1880000,0x00000000f1880000,0x00000000f2a80000)
  to   space 13824K, 40% used [0x00000000f2a80000,0x00000000f2feffb8,0x00000000f3800000)
 ParOldGen       total 169984K, used 121144K [0x00000000c0000000, 0x00000000ca600000, 0x00000000eab00000)
  object space 169984K, 71% used [0x00000000c0000000,0x00000000c764e008,0x00000000ca600000)
 Metaspace       used 6552K, capacity 7256K, committed 7424K, reserved 1056768K
  class space    used 624K, capacity 656K, committed 768K, reserved 1048576K
}
Event: 45.819 GC heap before
{Heap before GC invocations=13 (full 3):
 PSYoungGen      total 130560K, used 112128K [0x00000000eab00000, 0x00000000f4100000, 0x0000000100000000)
  eden space 112128K, 100% used [0x00000000eab00000,0x00000000f1880000,0x00000000f1880000)
  from space 18432K, 0% used [0x00000000f1880000,0x00000000f1880000,0x00000000f2a80000)
  to   space 13824K, 40% used [0x00000000f2a80000,0x00000000f2feffb8,0x00000000f3800000)
 ParOldGen       total 169984K, used 121144K [0x00000000c0000000, 0x00000000ca600000, 0x00000000eab00000)
  object space 169984K, 71% used [0x00000000c0000000,0x00000000c764e008,0x00000000ca600000)
 Metaspace       used 6557K, capacity 7256K, committed 7424K, reserved 1056768K
  class space    used 624K, capacity 656K, committed 768K, reserved 1048576K
Event: 47.071 GC heap after
Heap after GC invocations=13 (full 3):
 PSYoungGen      total 130560K, used 0K [0x00000000eab00000, 0x00000000f4100000, 0x0000000100000000)
  eden space 112128K, 0% used [0x00000000eab00000,0x00000000eab00000,0x00000000f1880000)
  from space 18432K, 0% used [0x00000000f1880000,0x00000000f1880000,0x00000000f2a80000)
  to   space 13824K, 0% used [0x00000000f2a80000,0x00000000f2a80000,0x00000000f3800000)
 ParOldGen       total 233984K, used 169823K [0x00000000c0000000, 0x00000000ce480000, 0x00000000eab00000)
  object space 233984K, 72% used [0x00000000c0000000,0x00000000ca5d7c88,0x00000000ce480000)
 Metaspace       used 6557K, capacity 7256K, committed 7424K, reserved 1056768K
  class space    used 624K, capacity 656K, committed 768K, reserved 1048576K
}
Event: 48.098 GC heap before
{Heap before GC invocations=14 (full 3):
 PSYoungGen      total 130560K, used 112128K [0x00000000eab00000, 0x00000000f4100000, 0x0000000100000000)
  eden space 112128K, 100% used [0x00000000eab00000,0x00000000f1880000,0x00000000f1880000)
  from space 18432K, 0% used [0x00000000f1880000,0x00000000f1880000,0x00000000f2a80000)
  to   space 13824K, 0% used [0x00000000f2a80000,0x00000000f2a80000,0x00000000f3800000)
 ParOldGen       total 233984K, used 169823K [0x00000000c0000000, 0x00000000ce480000, 0x00000000eab00000)
  object space 233984K, 72% used [0x00000000c0000000,0x00000000ca5d7c88,0x00000000ce480000)
 Metaspace       used 6562K, capacity 7256K, committed 7424K, reserved 1056768K
  class space    used 625K, capacity 656K, committed 768K, reserved 1048576K
Event: 48.827 GC heap after
Heap after GC invocations=14 (full 3):
 PSYoungGen      total 100864K, used 13812K [0x00000000eab00000, 0x00000000f7d80000, 0x0000000100000000)
  eden space 87040K, 0% used [0x00000000eab00000,0x00000000eab00000,0x00000000f0000000)
  from space 13824K, 99% used [0x00000000f2a80000,0x00000000f37fd050,0x00000000f3800000)
  to   space 43520K, 0% used [0x00000000f0000000,0x00000000f0000000,0x00000000f2a80000)
 ParOldGen       total 233984K, used 202656K [0x00000000c0000000, 0x00000000ce480000, 0x00000000eab00000)
  object space 233984K, 86% used [0x00000000c0000000,0x00000000cc5e80a8,0x00000000ce480000)
 Metaspace       used 6562K, capacity 7256K, committed 7424K, reserved 1056768K
  class space    used 625K, capacity 656K, committed 768K, reserved 1048576K
}
Event: 50.696 GC heap before
{Heap before GC invocations=15 (full 3):
 PSYoungGen      total 100864K, used 100852K [0x00000000eab00000, 0x00000000f7d80000, 0x0000000100000000)
  eden space 87040K, 100% used [0x00000000eab00000,0x00000000f0000000,0x00000000f0000000)
  from space 13824K, 99% used [0x00000000f2a80000,0x00000000f37fd050,0x00000000f3800000)
  to   space 43520K, 0% used [0x00000000f0000000,0x00000000f0000000,0x00000000f2a80000)
 ParOldGen       total 233984K, used 202656K [0x00000000c0000000, 0x00000000ce480000, 0x00000000eab00000)
  object space 233984K, 86% used [0x00000000c0000000,0x00000000cc5e80a8,0x00000000ce480000)
 Metaspace       used 6568K, capacity 7256K, committed 7424K, reserved 1056768K
  class space    used 625K, capacity 656K, committed 768K, reserved 1048576K
Event: 50.958 GC heap after
Heap after GC invocations=15 (full 3):
 PSYoungGen      total 130560K, used 12858K [0x00000000eab00000, 0x00000000f5d00000, 0x0000000100000000)
  eden space 87040K, 0% used [0x00000000eab00000,0x00000000eab00000,0x00000000f0000000)
  from space 43520K, 29% used [0x00000000f0000000,0x00000000f0c8ea70,0x00000000f2a80000)
  to   space 41472K, 0% used [0x00000000f3480000,0x00000000f3480000,0x00000000f5d00000)
 ParOldGen       total 233984K, used 216236K [0x00000000c0000000, 0x00000000ce480000, 0x00000000eab00000)
  object space 233984K, 92% used [0x00000000c0000000,0x00000000cd32b230,0x00000000ce480000)
 Metaspace       used 6568K, capacity 7256K, committed 7424K, reserved 1056768K
  class space    used 625K, capacity 656K, committed 768K, reserved 1048576K
}
Event: 50.958 GC heap before
{Heap before GC invocations=16 (full 4):
 PSYoungGen      total 130560K, used 12858K [0x00000000eab00000, 0x00000000f5d00000, 0x0000000100000000)
  eden space 87040K, 0% used [0x00000000eab00000,0x00000000eab00000,0x00000000f0000000)
  from space 43520K, 29% used [0x00000000f0000000,0x00000000f0c8ea70,0x00000000f2a80000)
  to   space 41472K, 0% used [0x00000000f3480000,0x00000000f3480000,0x00000000f5d00000)
 ParOldGen       total 233984K, used 216236K [0x00000000c0000000, 0x00000000ce480000, 0x00000000eab00000)
  object space 233984K, 92% used [0x00000000c0000000,0x00000000cd32b230,0x00000000ce480000)
 Metaspace       used 6568K, capacity 7256K, committed 7424K, reserved 1056768K
  class space    used 625K, capacity 656K, committed 768K, reserved 1048576K
Event: 53.938 GC heap after
Heap after GC invocations=16 (full 4):
 PSYoungGen      total 130560K, used 0K [0x00000000eab00000, 0x00000000f5d00000, 0x0000000100000000)
  eden space 87040K, 0% used [0x00000000eab00000,0x00000000eab00000,0x00000000f0000000)
  from space 43520K, 0% used [0x00000000f0000000,0x00000000f0000000,0x00000000f2a80000)
  to   space 41472K, 0% used [0x00000000f3480000,0x00000000f3480000,0x00000000f5d00000)
 ParOldGen       total 313344K, used 217403K [0x00000000c0000000, 0x00000000d3200000, 0x00000000eab00000)
  object space 313344K, 69% used [0x00000000c0000000,0x00000000cd44ee20,0x00000000d3200000)
 Metaspace       used 6568K, capacity 7256K, committed 7424K, reserved 1056768K
  class space    used 625K, capacity 656K, committed 768K, reserved 1048576K
}

